<?xml version="1.0" encoding="UTF-8"?>
<!-- Generated by org.testng.reporters.JUnitXMLReporter -->
<testsuite ignored="0" hostname="DESKTOP-5KD2F17" failures="0" tests="3" name="FirefoxTest" time="0.04" errors="0" timestamp="2021-03-20T12:53:04 IST">
  <testcase classname="ZigWheels" name="@BeforeClass openBrowser" time="0.002">
    <failure type="java.lang.NoClassDefFoundError" message="com/google/common/collect/ImmutableList">
      <![CDATA[java.lang.NoClassDefFoundError: com/google/common/collect/ImmutableList
at org.openqa.selenium.firefox.FirefoxOptions.addArguments(FirefoxOptions.java:233)
at ZigWheels.openBrowser(ZigWheels.java:48)
at java.base/java.util.ArrayList.forEach(ArrayList.java:1511)
Caused by: java.lang.ClassNotFoundException: com.google.common.collect.ImmutableList
at java.base/jdk.internal.loader.BuiltinClassLoader.loadClass(BuiltinClassLoader.java:606)
at java.base/jdk.internal.loader.ClassLoaders$AppClassLoader.loadClass(ClassLoaders.java:168)
at java.base/java.lang.ClassLoader.loadClass(ClassLoader.java:522)
... 28 more
... Removed 25 stack frames]]>
    </failure>
  </testcase> <!-- @BeforeClass openBrowser -->
  <testcase classname="ZigWheels" name="@AfterClass closeBrowser" time="-1.616224984543E9">
    <skipped/>
  </testcase> <!-- @AfterClass closeBrowser -->
  <testcase classname="ZigWheels" name="verifyLoginErrorMessage" time="0.0">
    <skipped/>
  </testcase> <!-- verifyLoginErrorMessage -->
  <testcase classname="ZigWheels" name="extractPopularBike" time="0.0">
    <skipped/>
  </testcase> <!-- extractPopularBike -->
  <testcase classname="ZigWheels" name="upcomingHondaBikes" time="0.0">
    <skipped/>
  </testcase> <!-- upcomingHondaBikes -->
</testsuite> <!-- FirefoxTest -->
